Stats for 14.06.2021 june lere meet (SA) generated by Linrat (linear) 2.31
Prior data from IBADAN.RT2 after ibadan (20210612)

+--------------------------+-----------+---------+-----------+----------------+
| State     Name           | National  | State   |   Wins    | Rating Points  |
|                          | Old  New  | Old New | Exp  Act  | Old Change New |
+Section ALL               +           +         + 10 games  +                +
+--------------------------+-----------+---------+-----------+----------------+
| SA  Enoch Nwali          |   21   11 |  21  11 |  6.3  8.0 | 1570  +33 1603 |
| SA  Olatunde Oduwole     |    3    3 |   3   3 |  7.1  7.0 | 1656   -2 1654 |
| SA  Olatunde Adigun      |  103   84 | 103  84 |  5.0  7.0 | 1342  +40 1382 |
| SA  David Ekpo           |  342  300 | 342 300 |  4.0  7.0 | 1020  +65 1085 |
| SA  Segun Durojaye       |   32   37 |  32  37 |  6.9  6.0 | 1522  -18 1504 |
| SA  Dipo Akanbi          |   56   62 |  56  62 |  6.9  6.0 | 1452  -18 1434 |
| SA  Frank Ishekwene      |  196  164 | 196 164 |  3.6  6.0 | 1211  +48 1259 |
| SA  Ogedengbe Olawale    |   42   51 |  42  51 |  5.9  5.0 | 1487  -17 1470 |
| SA  Wasiu Hassan         |  155  152 | 155 152 |  4.8  5.0 | 1272   +5 1277 |
| SA  Ituah Sunday         |   96  107 |  96 107 |  6.3  5.0 | 1355  -25 1330 |
| SA  Babajide Alagbada    |   81   82 |  81  82 |  5.4  5.0 | 1398   -8 1390 |
| SA  Emmanuel Egbele      |  325  309 | 325 309 |  3.6  5.0 | 1043  +27 1070 |
| SA  Akpotu Benjamin      |  383  361 | 383 361 |  2.9  5.0 |  950  +43  993 |
| SA  Ahmed Bayo           |  231  237 | 231 237 |  4.7  4.0 | 1172  -14 1158 |
| SA  Aiyewunmi Adeyinka   |  245  250 | 245 250 |  4.4  4.0 | 1141   -9 1132 |
| SA  Olaribigbe Hakeem    |   69   91 |  69  91 |  6.6  4.0 | 1419  -52 1367 |
| SA  Idomele Emeka        |  390  378 | 390 378 |  3.4  4.0 |  945  +12  957 |
| SA  Musa Lateef          |  440  449 | 440 449 |  3.8  3.0 |  856  -17  839 |
| SA  Ben Humbe            |  238  286 | 238 286 |  5.2  2.0 | 1158  -64 1094 |
|^SA  Saporu Tunde         |  478  494 | 478 494 |  3.0  2.0 |  784  -31  753 |
+--------------------------+-----------+---------+-----------+----------------+


Notes:
Tournament placings by wins and margins.

^ denotes a player with fewer than 50 rated games
