Stats for 17.07.2021 LSC July Ladder Retreat 2021 (SA) generated by Linrat (linear) 2.31
Prior data from buildingjuly.RT2 after buildingjuly (20210710)

+--------------------------+-----------+---------+-----------+----------------+
| State     Name           | National  | State   |   Wins    | Rating Points  |
|                          | Old  New  | Old New | Exp  Act  | Old Change New |
+Section A                 +           +         + 10 games  +                +
+--------------------------+-----------+---------+-----------+----------------+
| SA  Osikhena Ojior       |   33   37 |  33  37 |  8.7  8.0 | 1496  -12 1484 |
|^SA  Ayo Adeyeri          |  324  211 | 324 211 |  4.4  8.0 | 1028 +146 1174 |
| SA  Emmanuel Egbele      |  309  265 | 309 265 |  4.4  7.0 | 1047  +56 1103 |
| SA  Christopher Monday   |  142  134 | 142 134 |  6.8  7.0 | 1268   +8 1276 |
| SA  Ademola Kuye         |  225  253 | 225 253 |  5.6  4.0 | 1144  -30 1114 |
| SA  Ebikeme Adowei       |  264  288 | 264 288 |  5.2  4.0 | 1102  -22 1080 |
| SA  Hussaini Yakubu      |  379  376 | 379 376 |  3.9  4.0 |  941   +4  945 |
| SA  Godfrey Ojile        |  450  449 | 450 449 |  2.9  3.0 |  824   +4  828 |
| SA  Lovejoy Ogbuokiri    |  395  402 | 395 402 |  3.7  3.0 |  912  -11  901 |
| SA  Erezi Iseh           |  352  377 | 352 377 |  4.4  2.0 |  991  -47  944 |
+--------------------------+-----------+---------+-----------+----------------+


Notes:
Tournament placings by wins and margins.

^ denotes a player with fewer than 50 rated games
