Stats for 23.07.2021 DR. ADEYERI'S FAREWELL RETREAT (SA) generated by Linrat (linear) 2.31
Prior data from RIVEDOSM.RT2 after rivedosm (20210724)

+--------------------------+-----------+---------+-----------+----------------+
| State     Name           | National  | State   |   Wins    | Rating Points  |
|                          | Old  New  | Old New | Exp  Act  | Old Change New |
+Section A                 +           +         +  6 games  +                +
+--------------------------+-----------+---------+-----------+----------------+
| SA  Osikhena Ojior       |   51   60 |  51  60 |  5.1  4.0 | 1445  -21 1424 |
| SA  Hussaini Yakubu      |  383  357 | 383 357 |  2.0  4.0 |  945  +45  990 |
| SA  Christopher Monday   |  139  139 | 139 139 |  4.0  4.0 | 1276   +0 1276 |
| SA  Emmanuel Egbele      |  266  262 | 266 262 |  2.9  3.0 | 1103   +2 1105 |
| SA  Ebikeme Adowei       |  292  311 | 292 311 |  4.4  3.0 | 1080  -27 1053 |
|^SA  Ayo Adeyeri          |  214  221 | 214 221 |  3.5  3.0 | 1174  -14 1160 |
| SA  Erezi Iseh           |  384  371 | 384 371 |  1.8  3.0 |  944  +25  969 |
|*SA  Retreat Bye          |       658 |     658 |       0.0 |            500 |
+--------------------------+-----------+---------+-----------+----------------+


Notes:
Tournament placings by wins and margins.

* denotes a previously unrated player
^ denotes a player with fewer than 50 rated games
The floor of 500 was imposed in section A
